[INFO] at Wed, 22 Feb 2023 20:47:09 GMT
null
connected to db
[INFO] at Wed, 22 Feb 2023 20:47:20 GMT
null
connected to db
[INFO] at Thu, 23 Feb 2023 10:18:15 GMT
null
connected to db
[INFO] at Thu, 23 Feb 2023 10:28:52 GMT
null
connected to db
[INFO] at Thu, 23 Feb 2023 10:28:57 GMT
null
connected to db
[INFO] at Thu, 23 Feb 2023 10:29:04 GMT
null
connected to db
[INFO] at Thu, 23 Feb 2023 10:30:52 GMT
null
connected to db
[INFO] at Thu, 23 Feb 2023 10:31:00 GMT
null
connected to db
[INFO] at Thu, 23 Feb 2023 10:31:07 GMT
null
connected to db
[INFO] at Thu, 23 Feb 2023 10:31:10 GMT
null
connected to db
[INFO] at Thu, 23 Feb 2023 10:31:29 GMT
null
connected to db
[INFO] at Thu, 23 Feb 2023 10:32:51 GMT
null
connected to db
[INFO] at Thu, 23 Feb 2023 10:37:28 GMT
null
connected to db
[INFO] at Thu, 23 Feb 2023 10:59:56 GMT
null
connected to db
[INFO] at Thu, 23 Feb 2023 17:46:28 GMT
null
connected to db
[INFO] at Thu, 23 Feb 2023 17:46:56 GMT
null
connected to db
[INFO] at Tue, 28 Feb 2023 00:15:57 GMT
null
connected to db
[INFO] at Tue, 28 Feb 2023 14:21:39 GMT
null
connected to db
[INFO] at Tue, 28 Feb 2023 14:29:17 GMT
null
connected to db
[INFO] at Tue, 28 Feb 2023 14:30:12 GMT
null
connected to db
[INFO] at Tue, 28 Feb 2023 14:30:29 GMT
null
connected to db
[INFO] at Tue, 28 Feb 2023 14:30:30 GMT
null
connected to db
[INFO] at Tue, 28 Feb 2023 14:31:03 GMT
null
connected to db
[INFO] at Tue, 28 Feb 2023 14:42:29 GMT
null
connected to db
[INFO] at Tue, 28 Feb 2023 14:44:22 GMT
null
connected to db
[INFO] at Tue, 28 Feb 2023 14:44:27 GMT
null
connected to db
[INFO] at Tue, 28 Feb 2023 14:44:30 GMT
null
connected to db
[INFO] at Tue, 28 Feb 2023 14:44:32 GMT
null
connected to db
[INFO] at Tue, 28 Feb 2023 14:44:35 GMT
null
connected to db
[INFO] at Tue, 28 Feb 2023 14:44:36 GMT
null
connected to db
[INFO] at Tue, 28 Feb 2023 14:44:39 GMT
null
connected to db
[INFO] at Tue, 28 Feb 2023 14:44:44 GMT
null
connected to db
[INFO] at Tue, 28 Feb 2023 14:44:47 GMT
null
connected to db
[INFO] at Tue, 28 Feb 2023 14:45:14 GMT
null
connected to db
[INFO] at Tue, 28 Feb 2023 14:47:23 GMT
null
connected to db
[INFO] at Tue, 28 Feb 2023 14:47:25 GMT
null
connected to db
[INFO] at Tue, 28 Feb 2023 14:47:28 GMT
null
connected to db
[INFO] at Tue, 28 Feb 2023 14:47:31 GMT
null
connected to db
[INFO] at Tue, 28 Feb 2023 14:47:36 GMT
null
connected to db
[INFO] at Tue, 28 Feb 2023 14:49:01 GMT
null
connected to db
[INFO] at Tue, 28 Feb 2023 14:50:29 GMT
null
connected to db
[INFO] at Tue, 28 Feb 2023 14:50:33 GMT
null
connected to db
[INFO] at Tue, 28 Feb 2023 14:50:35 GMT
null
connected to db
[INFO] at Tue, 28 Feb 2023 14:50:43 GMT
null
connected to db
[INFO] at Tue, 28 Feb 2023 14:50:51 GMT
null
connected to db
[INFO] at Tue, 28 Feb 2023 14:50:59 GMT
null
connected to db
[INFO] at Tue, 28 Feb 2023 14:51:03 GMT
null
connected to db
[INFO] at Tue, 28 Feb 2023 14:54:13 GMT
null
connected to db
[INFO] at Tue, 28 Feb 2023 14:54:15 GMT
null
connected to db
[INFO] at Tue, 28 Feb 2023 14:54:33 GMT
null
connected to db
[INFO] at Tue, 28 Feb 2023 14:54:41 GMT
null
connected to db
[INFO] at Tue, 28 Feb 2023 14:54:47 GMT
null
connected to db
[INFO] at Tue, 28 Feb 2023 14:54:52 GMT
null
connected to db
[INFO] at Tue, 28 Feb 2023 14:54:54 GMT
null
connected to db
[INFO] at Tue, 28 Feb 2023 14:55:27 GMT
null
connected to db
[INFO] at Tue, 28 Feb 2023 15:02:18 GMT
null
connected to db
[INFO] at Tue, 28 Feb 2023 15:03:56 GMT
null
connected to db
[INFO] at Tue, 28 Feb 2023 15:04:03 GMT
null
connected to db
[INFO] at Tue, 28 Feb 2023 15:06:09 GMT
null
connected to db
[INFO] at Tue, 28 Feb 2023 15:06:21 GMT
null
connected to db
[INFO] at Tue, 28 Feb 2023 15:08:42 GMT
null
connected to db
[INFO] at Tue, 28 Feb 2023 15:08:51 GMT
null
connected to db
[INFO] at Tue, 28 Feb 2023 15:08:55 GMT
null
connected to db
[INFO] at Tue, 28 Feb 2023 15:08:58 GMT
null
connected to db
[INFO] at Tue, 28 Feb 2023 15:09:02 GMT
null
connected to db
[INFO] at Tue, 28 Feb 2023 15:09:05 GMT
null
connected to db
[INFO] at Tue, 28 Feb 2023 15:09:11 GMT
null
connected to db
[INFO] at Tue, 28 Feb 2023 15:09:13 GMT
null
connected to db
[INFO] at Tue, 28 Feb 2023 15:09:16 GMT
null
connected to db
[INFO] at Tue, 28 Feb 2023 15:09:21 GMT
null
connected to db
[INFO] at Tue, 28 Feb 2023 15:09:24 GMT
null
connected to db
[INFO] at Tue, 28 Feb 2023 15:09:28 GMT
null
connected to db
[INFO] at Tue, 28 Feb 2023 15:09:30 GMT
null
connected to db
[INFO] at Tue, 28 Feb 2023 15:09:32 GMT
null
connected to db
[INFO] at Tue, 28 Feb 2023 15:09:36 GMT
null
connected to db
[INFO] at Tue, 28 Feb 2023 15:09:42 GMT
null
connected to db
[INFO] at Tue, 28 Feb 2023 15:09:48 GMT
null
connected to db
[INFO] at Tue, 28 Feb 2023 15:09:53 GMT
null
connected to db
[INFO] at Tue, 28 Feb 2023 15:09:57 GMT
null
connected to db
[INFO] at Tue, 28 Feb 2023 15:10:07 GMT
null
connected to db
[INFO] at Tue, 28 Feb 2023 15:10:09 GMT
null
connected to db
[INFO] at Tue, 28 Feb 2023 15:10:14 GMT
null
connected to db
[INFO] at Tue, 28 Feb 2023 15:10:20 GMT
null
connected to db
[INFO] at Tue, 28 Feb 2023 15:10:24 GMT
null
connected to db
[INFO] at Tue, 28 Feb 2023 15:10:28 GMT
null
connected to db
[INFO] at Tue, 28 Feb 2023 15:10:45 GMT
null
connected to db
[INFO] at Tue, 28 Feb 2023 15:11:18 GMT
null
connected to db
[INFO] at Tue, 28 Feb 2023 15:11:20 GMT
null
connected to db
[INFO] at Tue, 28 Feb 2023 15:11:29 GMT
null
connected to db
[INFO] at Tue, 28 Feb 2023 15:11:30 GMT
null
connected to db
[INFO] at Tue, 28 Feb 2023 15:11:33 GMT
null
connected to db
[INFO] at Tue, 28 Feb 2023 15:11:50 GMT
null
connected to db
[INFO] at Tue, 28 Feb 2023 15:12:13 GMT
null
connected to db
[INFO] at Tue, 28 Feb 2023 15:12:22 GMT
null
connected to db
[INFO] at Tue, 28 Feb 2023 15:38:47 GMT
null
connected to db
[INFO] at Tue, 28 Feb 2023 16:12:02 GMT
null
connected to db
[INFO] at Tue, 28 Feb 2023 16:12:30 GMT
null
connected to db
[INFO] at Tue, 28 Feb 2023 16:12:55 GMT
null
connected to db
[INFO] at Tue, 28 Feb 2023 17:23:16 GMT
(/home/me3za/Walter-Bot/events/onReady/birthdayCheck.js:65:18),/home/me3za/Walter-Bot/events/onReady/birthdayCheck.js
checked for birthdays
[INFO] at Wed, 01 Mar 2023 01:56:04 GMT
null
connected to db
[INFO] at Wed, 01 Mar 2023 12:18:04 GMT
null
connected to db
[INFO] at Wed, 01 Mar 2023 12:20:03 GMT
null
connected to db
[INFO] at Wed, 01 Mar 2023 12:20:05 GMT
null
connected to db
[INFO] at Wed, 01 Mar 2023 12:20:49 GMT
null
connected to db
[INFO] at Wed, 01 Mar 2023 12:20:54 GMT
null
connected to db
[INFO] at Wed, 01 Mar 2023 12:22:17 GMT
null
connected to db
[INFO] at Wed, 01 Mar 2023 12:22:28 GMT
null
connected to db
[INFO] at Wed, 01 Mar 2023 12:22:38 GMT
null
connected to db
[INFO] at Wed, 01 Mar 2023 12:22:41 GMT
null
connected to db
[INFO] at Wed, 01 Mar 2023 12:22:44 GMT
null
connected to db
[INFO] at Wed, 01 Mar 2023 12:22:46 GMT
null
connected to db
[INFO] at Wed, 01 Mar 2023 12:22:49 GMT
null
connected to db
[INFO] at Wed, 01 Mar 2023 13:13:03 GMT
(/home/me3za/Walter-Bot/events/onReady/birthdayCleanup.js:28:18),/home/me3za/Walter-Bot/events/onReady/birthdayCleanup.js
cleaned up birthdays
[INFO] at Mon, 06 Mar 2023 15:32:23 GMT
null
connected to db
[INFO] at Mon, 06 Mar 2023 15:33:23 GMT
null
connected to db
[INFO] at Mon, 06 Mar 2023 15:33:56 GMT
null
connected to db
[INFO] at Mon, 06 Mar 2023 15:34:05 GMT
null
connected to db
[INFO] at Mon, 06 Mar 2023 15:34:08 GMT
null
connected to db
[INFO] at Mon, 06 Mar 2023 15:34:15 GMT
null
connected to db
[INFO] at Mon, 06 Mar 2023 15:34:18 GMT
null
connected to db
[INFO] at Mon, 06 Mar 2023 15:34:25 GMT
null
connected to db
[INFO] at Mon, 06 Mar 2023 15:34:32 GMT
null
connected to db
[INFO] at Mon, 06 Mar 2023 15:34:37 GMT
null
connected to db
[INFO] at Mon, 06 Mar 2023 15:34:40 GMT
null
connected to db
[INFO] at Mon, 06 Mar 2023 15:34:46 GMT
null
connected to db
[INFO] at Mon, 06 Mar 2023 15:34:48 GMT
null
connected to db
[INFO] at Mon, 06 Mar 2023 15:35:45 GMT
null
connected to db
[INFO] at Mon, 06 Mar 2023 15:36:35 GMT
null
connected to db
[INFO] at Mon, 06 Mar 2023 15:36:41 GMT
null
connected to db
[INFO] at Mon, 06 Mar 2023 15:38:15 GMT
null
connected to db
[INFO] at Mon, 06 Mar 2023 15:38:20 GMT
null
connected to db
[INFO] at Mon, 06 Mar 2023 15:39:56 GMT
null
connected to db
[INFO] at Mon, 06 Mar 2023 15:42:11 GMT
null
connected to db
[INFO] at Mon, 06 Mar 2023 15:52:57 GMT
null
connected to db
[INFO] at Mon, 06 Mar 2023 15:53:05 GMT
null
connected to db
[INFO] at Mon, 06 Mar 2023 15:53:07 GMT
null
connected to db
[INFO] at Mon, 06 Mar 2023 16:00:37 GMT
null
connected to db
[INFO] at Mon, 06 Mar 2023 16:03:37 GMT
null
connected to db
[INFO] at Mon, 06 Mar 2023 16:03:46 GMT
null
connected to db
[INFO] at Mon, 06 Mar 2023 16:03:53 GMT
null
connected to db
[INFO] at Mon, 06 Mar 2023 16:03:57 GMT
null
connected to db
[INFO] at Mon, 06 Mar 2023 16:04:00 GMT
null
connected to db
[INFO] at Mon, 06 Mar 2023 16:09:10 GMT
null
connected to db
[INFO] at Mon, 06 Mar 2023 16:09:13 GMT
null
connected to db
[INFO] at Mon, 06 Mar 2023 16:09:18 GMT
null
connected to db
[INFO] at Mon, 06 Mar 2023 16:09:20 GMT
null
connected to db
[INFO] at Mon, 06 Mar 2023 16:09:28 GMT
null
connected to db
[INFO] at Mon, 06 Mar 2023 16:09:31 GMT
null
connected to db
[INFO] at Mon, 06 Mar 2023 16:09:43 GMT
null
connected to db
[INFO] at Mon, 06 Mar 2023 16:09:48 GMT
null
connected to db
[INFO] at Mon, 06 Mar 2023 16:09:52 GMT
null
connected to db
[INFO] at Mon, 06 Mar 2023 16:09:58 GMT
null
connected to db
[INFO] at Mon, 06 Mar 2023 16:10:09 GMT
null
connected to db
[INFO] at Mon, 06 Mar 2023 16:10:16 GMT
null
connected to db
[INFO] at Mon, 06 Mar 2023 16:10:19 GMT
null
connected to db
[INFO] at Mon, 06 Mar 2023 16:10:53 GMT
null
connected to db
[INFO] at Mon, 06 Mar 2023 16:10:55 GMT
null
connected to db
[INFO] at Mon, 06 Mar 2023 16:11:01 GMT
null
connected to db
[INFO] at Mon, 06 Mar 2023 16:11:03 GMT
null
connected to db
[INFO] at Mon, 06 Mar 2023 16:11:12 GMT
null
connected to db
[INFO] at Mon, 06 Mar 2023 16:11:23 GMT
null
connected to db
[INFO] at Mon, 06 Mar 2023 16:12:58 GMT
null
connected to db
[INFO] at Mon, 06 Mar 2023 16:13:00 GMT
null
connected to db
[INFO] at Mon, 06 Mar 2023 16:13:38 GMT
null
connected to db
[INFO] at Mon, 06 Mar 2023 16:13:42 GMT
null
connected to db
[INFO] at Mon, 06 Mar 2023 16:13:45 GMT
null
connected to db
[INFO] at Mon, 06 Mar 2023 16:15:38 GMT
null
connected to db
[INFO] at Mon, 06 Mar 2023 16:15:41 GMT
null
connected to db
[INFO] at Mon, 06 Mar 2023 16:18:13 GMT
null
connected to db
[INFO] at Mon, 06 Mar 2023 16:18:18 GMT
null
connected to db
[INFO] at Mon, 06 Mar 2023 16:24:34 GMT
null
connected to db
[INFO] at Mon, 06 Mar 2023 16:25:03 GMT
null
connected to db
[INFO] at Mon, 06 Mar 2023 16:25:10 GMT
null
connected to db
[INFO] at Mon, 06 Mar 2023 16:25:52 GMT
null
connected to db
[INFO] at Mon, 06 Mar 2023 16:26:34 GMT
null
connected to db
[INFO] at Mon, 06 Mar 2023 16:27:18 GMT
null
connected to db
[INFO] at Mon, 06 Mar 2023 16:27:48 GMT
null
connected to db
[INFO] at Mon, 06 Mar 2023 16:27:50 GMT
null
connected to db
[INFO] at Mon, 06 Mar 2023 16:27:55 GMT
null
connected to db
[INFO] at Mon, 06 Mar 2023 16:27:58 GMT
null
connected to db
[INFO] at Mon, 06 Mar 2023 16:28:06 GMT
null
connected to db
[INFO] at Mon, 06 Mar 2023 16:28:10 GMT
null
connected to db
[INFO] at Mon, 06 Mar 2023 16:29:47 GMT
null
connected to db
[INFO] at Mon, 06 Mar 2023 16:36:21 GMT
null
connected to db
[INFO] at Mon, 06 Mar 2023 16:36:27 GMT
null
connected to db
[INFO] at Mon, 06 Mar 2023 16:36:34 GMT
null
connected to db
[INFO] at Mon, 06 Mar 2023 16:36:35 GMT
null
connected to db
[INFO] at Mon, 06 Mar 2023 16:36:44 GMT
null
connected to db
[INFO] at Mon, 06 Mar 2023 16:36:51 GMT
null
connected to db
[INFO] at Mon, 06 Mar 2023 16:36:53 GMT
null
connected to db
[INFO] at Mon, 06 Mar 2023 16:36:58 GMT
null
connected to db
[INFO] at Mon, 06 Mar 2023 16:37:03 GMT
null
connected to db
[INFO] at Mon, 06 Mar 2023 16:37:06 GMT
null
connected to db
[INFO] at Mon, 06 Mar 2023 16:37:10 GMT
null
connected to db
[INFO] at Mon, 06 Mar 2023 16:37:15 GMT
null
connected to db
[INFO] at Mon, 06 Mar 2023 16:37:21 GMT
null
connected to db
[INFO] at Mon, 06 Mar 2023 16:37:25 GMT
null
connected to db
[INFO] at Mon, 06 Mar 2023 16:37:27 GMT
null
connected to db
[INFO] at Mon, 06 Mar 2023 16:37:33 GMT
null
connected to db
[INFO] at Mon, 06 Mar 2023 16:37:39 GMT
null
connected to db
[INFO] at Mon, 06 Mar 2023 16:37:42 GMT
null
connected to db
[INFO] at Mon, 06 Mar 2023 16:38:01 GMT
null
connected to db
[INFO] at Mon, 06 Mar 2023 16:38:07 GMT
null
connected to db
[INFO] at Mon, 06 Mar 2023 16:38:09 GMT
null
connected to db
[INFO] at Mon, 06 Mar 2023 16:38:14 GMT
null
connected to db
[INFO] at Mon, 06 Mar 2023 16:38:17 GMT
null
connected to db
[INFO] at Mon, 06 Mar 2023 16:38:22 GMT
null
connected to db
[INFO] at Mon, 06 Mar 2023 16:38:25 GMT
null
connected to db
[INFO] at Mon, 06 Mar 2023 16:39:49 GMT
null
connected to db
[INFO] at Mon, 06 Mar 2023 16:42:53 GMT
null
connected to db
[INFO] at Mon, 06 Mar 2023 16:43:35 GMT
null
connected to db
[INFO] at Mon, 06 Mar 2023 16:52:03 GMT
null
connected to db
[INFO] at Mon, 06 Mar 2023 16:53:11 GMT
null
connected to db
[INFO] at Mon, 06 Mar 2023 16:54:44 GMT
null
connected to db
[INFO] at Mon, 06 Mar 2023 16:54:51 GMT
null
connected to db
[INFO] at Mon, 06 Mar 2023 16:55:16 GMT
null
connected to db
[INFO] at Mon, 06 Mar 2023 16:55:38 GMT
null
connected to db
[INFO] at Mon, 06 Mar 2023 16:55:44 GMT
null
connected to db
[INFO] at Mon, 06 Mar 2023 16:55:50 GMT
null
connected to db
[INFO] at Mon, 06 Mar 2023 16:55:59 GMT
null
connected to db
[INFO] at Mon, 06 Mar 2023 16:56:04 GMT
null
connected to db
[INFO] at Mon, 06 Mar 2023 16:56:07 GMT
null
connected to db
[INFO] at Mon, 06 Mar 2023 16:56:13 GMT
null
connected to db
[INFO] at Mon, 06 Mar 2023 16:56:19 GMT
null
connected to db
